<?xml version="1.0" encoding="UTF-8"?>

<!--
  ~ Copyright The WildFly Authors
  ~ SPDX-License-Identifier: Apache-2.0
  -->

<module xmlns="urn:jboss:module:1.5" name="test.secure.expressions.module">
  <resources>
    <resource-root path="test-secure-expressions.jar"/>
  </resources>
  <dependencies>
    <module name="org.jboss.as.controller"/>
    <module name="org.jboss.as.server"/>
    <module name="org.jboss.staxmapper"/>
    <module name="java.xml"/>
  </dependencies>
</module>
