<?xml version="1.0" encoding="UTF-8"?>

<!--
  ~ Copyright The WildFly Authors
  ~ SPDX-License-Identifier: Apache-2.0
  -->

<configuration>
    <authentication-client xmlns="urn:elytron:1.0">
        <authentication-rules>
            <rule use-configuration="test-login">
            </rule>
        </authentication-rules>
        <authentication-configurations>
            <configuration name="test-login">
                <sasl-mechanism-selector selector="DIGEST-MD5" />
                <set-user-name name="test-admin" />
                <credentials>
                    <clear-password password="admin.12345" />
                </credentials>
                <set-mechanism-realm name="testRealm" />
            </configuration>
        </authentication-configurations>
    </authentication-client>
</configuration>
