<?xml version="1.0" encoding="UTF-8"?>

<!--
  ~ Copyright The WildFly Authors
  ~ SPDX-License-Identifier: Apache-2.0
  -->

<module xmlns="urn:jboss:module:1.5" name="org.jboss.ldtc" slot="main">

    <resources>
        <resource-root path="test-module.jar"/>
        <!-- Insert resources here -->
    </resources>

    <dependencies>
    </dependencies>
</module>
